[whatsapp-service] Installing dependencies...
bun install v1.3.10 (30e609e0)

+ hono@4.12.9

2 packages installed [343.00ms]
[whatsapp-service] Running bun run dev...
$ bun --hot src/index.ts
[2026-04-01T09:17:27.973Z] [INFO] Using WhatsApp gateway {"gateway":"fonnte"}
219 | export function createGateway(gatewayType: string, config: GatewayConfig): WhatsAppGateway {
220 |   logger.logGatewayUsed(gatewayType);
221 | 
222 |   switch (gatewayType.toLowerCase()) {
223 |     case 'fonnte':
224 |       if (!config.fonnte) throw new Error('Fonnte configuration is missing');
                                          ^
error: Fonnte configuration is missing
      at createGateway (/home/z/my-project/mini-services/whatsapp-service/src/gateways/index.ts:224:37)
      at /home/z/my-project/mini-services/whatsapp-service/src/index.ts:30:25
      at loadAndEvaluateModule (2:1)
pp-service/src/index.ts:30:25
      at loadAndEvaluateModule (2:1)
